hbmk: Autodetected architecture: win                                             
hbmk: Using Harbour: C:\hrb_bcc\bin C:\hrb_bcc\include C:\hrb_bcc\lib\win\bcc    
      C:\hrb_bcc\lib                                                             
hbmk: Using C compiler: c:\bcc55\bin\bcc32.exe                                   
hbmk: Processing configuration: C:\hrb_bcc\bin\hbmk.cfg                          
hbmk: Processing: CUSTOMER.HBC                                                   
hbmk: Processing: customer.hbc                                                   
hbmk: Harbour compiler command (internal):                                       
C:\hrb_bcc\bin\harbour.exe -n2 customer.prg -I.\..\..\include\ -P -DSL_DEBUG -n -iC:\hrb_bcc\include
hbmk: Resource compiler command:                                                 
brcc32.exe -IC:\hrb_bcc\include customer.rc -focustomer.res
Borland Resource Compiler  Version 5.40
Copyright (c) 1990, 1999 Inprise Corporation.  All rights reserved.
hbmk: C compiler command:                                                        
bcc32.exe -c -q -tWM -d -6 -O2 -OS -Ov -Oi -Oc -DHB_GC_AUTO -DHB_FM_STATISTIC -IC:\hrb_bcc\include customer.c C:\DOCUME~1\User\CONFIG~1\Temp\hbmk_ppzohr.c
customer.c:
C:\DOCUME~1\User\CONFIG~1\Temp\hbmk_ppzohr.c:
hbmk: Linker command:                                                            
ilink32.exe @C:\DOCUME~1\User\CONFIG~1\Temp\17fesl.lnk
hbmk: Linker script:                                                             
-Gn -Tpe -L"c:\bcc55\Lib\PSDK\;C:\hrb_bcc\lib\win\bcc;C:\hrb_bcc\lib;.\..\..\lib\"  -ap c0x32.obj customer.obj hbmk_ppzohr.obj, customer.exe, nul, sqllib.lib libpq.lib \fwh\lib\fiveh.lib \fwh\lib\fivehc.lib hbwin.lib hbct.lib xhb.lib rddads.lib c:\bcc55\lib\psdk\msimg32.lib gtgui.lib hbcpage.lib hblang.lib hbcommon.lib hbcplr.lib hbdebug.lib hbvm.lib hbrdd.lib hbusrrdd.lib hbhsx.lib hbsix.lib rddntx.lib rddcdx.lib rddfpt.lib hbuddall.lib rddnsx.lib hbrtl.lib hbpp.lib hbmacro.lib hbextern.lib gtcgi.lib gtpca.lib gtstd.lib gtwin.lib gtwvt.lib gtgui.lib hbpcre.lib hbzlib.lib kernel32.lib user32.lib gdi32.lib advapi32.lib ws2_32.lib winspool.lib comctl32.lib comdlg32.lib shell32.lib ole32.lib oleaut32.lib uuid.lib mpr.lib winmm.lib mapi32.lib imm32.lib msimg32.lib cw32mt.lib import32.lib,, customer.res
Turbo Incremental Link 5.00 Copyright (c) 1997, 2000 Borland
